<?xml version="1.0" encoding="UTF-8"?>
<!-- Generated by org.testng.reporters.JUnitReportReporter -->
<testsuite hostname="DESKTOP-MUHKPE8" failures="0" tests="3" name="TestNg.Customer_class" time="0.044" errors="0" timestamp="2022-08-23T22:17:50 IST" skipped="0">
  <testcase classname="TestNg.Customer_class" name="createCustomerTest" time="0.038"/>
  <system-out/>
  <testcase classname="TestNg.Customer_class" name="modifyCustomerTest" time="0.003"/>
  <system-out/>
  <testcase classname="TestNg.Customer_class" name="deleteCustomer" time="0.003"/>
  <system-out/>
</testsuite> <!-- TestNg.Customer_class -->
