<?xml version="1.0" encoding="UTF-8"?>
<!-- Generated by org.testng.reporters.JUnitReportReporter -->
<testsuite hostname="DESKTOP-MUHKPE8" failures="0" tests="3" name="TestNg.CustomerTest_dependOnMethod" time="0.051" errors="0" timestamp="2022-08-23T22:26:44 IST" skipped="0">
  <testcase classname="TestNg.CustomerTest_dependOnMethod" name="createCustomerTest" time="0.033"/>
  <system-out/>
  <testcase classname="TestNg.CustomerTest_dependOnMethod" name="deleteCustomerTest" time="0.009"/>
  <system-out/>
  <testcase classname="TestNg.CustomerTest_dependOnMethod" name="modifyCustomerTest" time="0.009"/>
  <system-out/>
</testsuite> <!-- TestNg.CustomerTest_dependOnMethod -->
