<?xml version="1.0" encoding="UTF-8"?>
<!-- Generated by org.testng.reporters.JUnitReportReporter -->
<testsuite hostname="DESKTOP-MUHKPE8" failures="0" tests="2" name="BatchExecution.Batchexecution" time="104.974" errors="0" timestamp="2022-09-12T17:46:36 IST" skipped="0">
  <testcase classname="BatchExecution.Batchexecution" name="acti" time="74.984"/>
  <system-out/>
  <testcase classname="BatchExecution.Batchexecution" name="facebook" time="29.990"/>
  <system-out/>
</testsuite> <!-- BatchExecution.Batchexecution -->
