<?xml version="1.0" encoding="UTF-8"?>
<!-- Generated by org.testng.reporters.JUnitReportReporter -->
<testsuite hostname="DESKTOP-MUHKPE8" failures="0" tests="10" name="TestNg.CustomerTest_InvocationCount" time="0.067" errors="0" timestamp="2022-09-12T17:26:37 IST" skipped="0">
  <testcase classname="TestNg.CustomerTest_InvocationCount" name="createCustomerTest" time="0.003"/>
  <system-out/>
  <testcase classname="TestNg.CustomerTest_InvocationCount" name="createCustomerTest" time="0.005"/>
  <system-out/>
  <testcase classname="TestNg.CustomerTest_InvocationCount" name="createCustomerTest" time="0.003"/>
  <system-out/>
  <testcase classname="TestNg.CustomerTest_InvocationCount" name="createCustomerTest" time="0.035"/>
  <system-out/>
  <testcase classname="TestNg.CustomerTest_InvocationCount" name="createCustomerTest" time="0.003"/>
  <system-out/>
  <testcase classname="TestNg.CustomerTest_InvocationCount" name="modifyCustomerTest" time="0.006"/>
  <system-out/>
  <testcase classname="TestNg.CustomerTest_InvocationCount" name="modifyCustomerTest" time="0.003"/>
  <system-out/>
  <testcase classname="TestNg.CustomerTest_InvocationCount" name="deleteCustomer" time="0.005"/>
  <system-out/>
  <testcase classname="TestNg.CustomerTest_InvocationCount" name="deleteCustomer" time="0.002"/>
  <system-out/>
  <testcase classname="TestNg.CustomerTest_InvocationCount" name="deleteCustomer" time="0.002"/>
  <system-out/>
</testsuite> <!-- TestNg.CustomerTest_InvocationCount -->
