<?xml version="1.0" encoding="UTF-8"?>
<!-- Generated by org.testng.reporters.JUnitReportReporter -->
<testsuite hostname="DESKTOP-MUHKPE8" failures="0" tests="3" name="ParallelExecution.Parallel" time="264.982" errors="0" timestamp="2022-09-12T17:40:14 IST" skipped="0">
  <testcase classname="ParallelExecution.Parallel" name="Naukri" time="102.500"/>
  <system-out/>
  <testcase classname="ParallelExecution.Parallel" name="filp" time="90.216"/>
  <system-out/>
  <testcase classname="ParallelExecution.Parallel" name="selenium" time="72.266"/>
  <system-out/>
</testsuite> <!-- ParallelExecution.Parallel -->
